[2017-04-29 20:02:28,414] INFO [Group Metadata Manager on Broker 3]: Removed 0 expired offsets in 5 milliseconds. (kafka.coordinator.GroupMetadataManager)
[2017-04-29 20:05:01,563] INFO [ReplicaFetcherManager on broker 3] Removed fetcher for partitions awesome-2 (kafka.server.ReplicaFetcherManager)
[2017-04-29 20:05:02,287] INFO Completed load of log awesome-2 with 1 log segments and log end offset 0 in 443 ms (kafka.log.Log)
[2017-04-29 20:05:02,293] INFO Created log for partition [awesome,2] in /tmp/kafka-logs-3 with properties {compression.type -> producer, message.format.version -> 0.10.2-IV0, file.delete.delay.ms -> 60000, max.message.bytes -> 1000012, min.compaction.lag.ms -> 0, message.timestamp.type -> CreateTime, min.insync.replicas -> 1, segment.jitter.ms -> 0, preallocate -> false, min.cleanable.dirty.ratio -> 0.5, index.interval.bytes -> 4096, unclean.leader.election.enable -> true, retention.bytes -> -1, delete.retention.ms -> 86400000, cleanup.policy -> [delete], flush.ms -> 9223372036854775807, segment.ms -> 604800000, segment.bytes -> 1073741824, retention.ms -> 604800000, message.timestamp.difference.max.ms -> 9223372036854775807, segment.index.bytes -> 10485760, flush.messages -> 9223372036854775807}. (kafka.log.LogManager)
[2017-04-29 20:05:02,295] INFO Partition [awesome,2] on broker 3: No checkpointed highwatermark is found for partition awesome-2 (kafka.cluster.Partition)
[2017-04-29 20:05:02,460] INFO Completed load of log awesome-3 with 1 log segments and log end offset 0 in 117 ms (kafka.log.Log)
[2017-04-29 20:05:02,461] INFO Created log for partition [awesome,3] in /tmp/kafka-logs-3 with properties {compression.type -> producer, message.format.version -> 0.10.2-IV0, file.delete.delay.ms -> 60000, max.message.bytes -> 1000012, min.compaction.lag.ms -> 0, message.timestamp.type -> CreateTime, min.insync.replicas -> 1, segment.jitter.ms -> 0, preallocate -> false, min.cleanable.dirty.ratio -> 0.5, index.interval.bytes -> 4096, unclean.leader.election.enable -> true, retention.bytes -> -1, delete.retention.ms -> 86400000, cleanup.policy -> [delete], flush.ms -> 9223372036854775807, segment.ms -> 604800000, segment.bytes -> 1073741824, retention.ms -> 604800000, message.timestamp.difference.max.ms -> 9223372036854775807, segment.index.bytes -> 10485760, flush.messages -> 9223372036854775807}. (kafka.log.LogManager)
[2017-04-29 20:05:02,463] INFO Partition [awesome,3] on broker 3: No checkpointed highwatermark is found for partition awesome-3 (kafka.cluster.Partition)
[2017-04-29 20:05:02,683] INFO Completed load of log awesome-0 with 1 log segments and log end offset 0 in 206 ms (kafka.log.Log)
[2017-04-29 20:05:02,685] INFO Created log for partition [awesome,0] in /tmp/kafka-logs-3 with properties {compression.type -> producer, message.format.version -> 0.10.2-IV0, file.delete.delay.ms -> 60000, max.message.bytes -> 1000012, min.compaction.lag.ms -> 0, message.timestamp.type -> CreateTime, min.insync.replicas -> 1, segment.jitter.ms -> 0, preallocate -> false, min.cleanable.dirty.ratio -> 0.5, index.interval.bytes -> 4096, unclean.leader.election.enable -> true, retention.bytes -> -1, delete.retention.ms -> 86400000, cleanup.policy -> [delete], flush.ms -> 9223372036854775807, segment.ms -> 604800000, segment.bytes -> 1073741824, retention.ms -> 604800000, message.timestamp.difference.max.ms -> 9223372036854775807, segment.index.bytes -> 10485760, flush.messages -> 9223372036854775807}. (kafka.log.LogManager)
[2017-04-29 20:05:02,687] INFO Partition [awesome,0] on broker 3: No checkpointed highwatermark is found for partition awesome-0 (kafka.cluster.Partition)
[2017-04-29 20:05:02,970] INFO Completed load of log awesome-1 with 1 log segments and log end offset 0 in 256 ms (kafka.log.Log)
[2017-04-29 20:05:02,971] INFO Created log for partition [awesome,1] in /tmp/kafka-logs-3 with properties {compression.type -> producer, message.format.version -> 0.10.2-IV0, file.delete.delay.ms -> 60000, max.message.bytes -> 1000012, min.compaction.lag.ms -> 0, message.timestamp.type -> CreateTime, min.insync.replicas -> 1, segment.jitter.ms -> 0, preallocate -> false, min.cleanable.dirty.ratio -> 0.5, index.interval.bytes -> 4096, unclean.leader.election.enable -> true, retention.bytes -> -1, delete.retention.ms -> 86400000, cleanup.policy -> [delete], flush.ms -> 9223372036854775807, segment.ms -> 604800000, segment.bytes -> 1073741824, retention.ms -> 604800000, message.timestamp.difference.max.ms -> 9223372036854775807, segment.index.bytes -> 10485760, flush.messages -> 9223372036854775807}. (kafka.log.LogManager)
[2017-04-29 20:05:02,991] INFO Partition [awesome,1] on broker 3: No checkpointed highwatermark is found for partition awesome-1 (kafka.cluster.Partition)
[2017-04-29 20:05:02,992] INFO [ReplicaFetcherManager on broker 3] Removed fetcher for partitions awesome-0,awesome-1,awesome-3 (kafka.server.ReplicaFetcherManager)
[2017-04-29 20:05:02,994] INFO Truncating log awesome-0 to offset 0. (kafka.log.Log)
[2017-04-29 20:05:02,995] INFO Truncating log awesome-1 to offset 0. (kafka.log.Log)
[2017-04-29 20:05:02,995] INFO Truncating log awesome-3 to offset 0. (kafka.log.Log)
[2017-04-29 20:05:03,024] INFO [ReplicaFetcherManager on broker 3] Added fetcher for partitions List([awesome-3, initOffset 0 to broker BrokerEndPoint(0,10.0.0.54,9092)] , [awesome-0, initOffset 0 to broker BrokerEndPoint(1,10.0.0.54,9082)] , [awesome-1, initOffset 0 to broker BrokerEndPoint(2,10.0.0.54,9072)] ) (kafka.server.ReplicaFetcherManager)
[2017-04-29 20:12:28,394] INFO [Group Metadata Manager on Broker 3]: Removed 0 expired offsets in 1 milliseconds. (kafka.coordinator.GroupMetadataManager)
[2017-04-29 20:22:28,379] INFO [Group Metadata Manager on Broker 3]: Removed 0 expired offsets in 1 milliseconds. (kafka.coordinator.GroupMetadataManager)
[2017-04-29 20:32:28,356] INFO [Group Metadata Manager on Broker 3]: Removed 0 expired offsets in 0 milliseconds. (kafka.coordinator.GroupMetadataManager)
[2017-04-29 20:33:28,806] INFO [GroupCoordinator 3]: Preparing to restabilize group _confluent-controlcenter-3-2-0-1 with old generation 5 (kafka.coordinator.GroupCoordinator)
[2017-04-29 20:33:29,142] INFO [GroupCoordinator 3]: Group _confluent-controlcenter-3-2-0-1 with generation 6 is now empty (kafka.coordinator.GroupCoordinator)
[2017-04-29 20:33:44,583] INFO [Kafka Server 3], shutting down (kafka.server.KafkaServer)
[2017-04-29 20:33:44,584] INFO [Kafka Server 3], Starting controlled shutdown (kafka.server.KafkaServer)
[2017-04-29 20:33:44,647] INFO [ReplicaFetcherManager on broker 3] Removed fetcher for partitions topic-a-1 (kafka.server.ReplicaFetcherManager)
[2017-04-29 20:33:44,679] INFO [ReplicaFetcherManager on broker 3] Removed fetcher for partitions topic-a-1 (kafka.server.ReplicaFetcherManager)
[2017-04-29 20:33:44,683] INFO [ReplicaFetcherManager on broker 3] Removed fetcher for partitions __consumer_offsets-43 (kafka.server.ReplicaFetcherManager)
[2017-04-29 20:33:44,701] INFO [ReplicaFetcherManager on broker 3] Removed fetcher for partitions __consumer_offsets-43 (kafka.server.ReplicaFetcherManager)
[2017-04-29 20:33:44,703] INFO [ReplicaFetcherManager on broker 3] Removed fetcher for partitions __consumer_offsets-14 (kafka.server.ReplicaFetcherManager)
[2017-04-29 20:33:44,712] INFO [ReplicaFetcherManager on broker 3] Removed fetcher for partitions __consumer_offsets-14 (kafka.server.ReplicaFetcherManager)
[2017-04-29 20:33:44,713] INFO [ReplicaFetcherManager on broker 3] Removed fetcher for partitions test-0 (kafka.server.ReplicaFetcherManager)
[2017-04-29 20:33:44,728] INFO [ReplicaFetcherManager on broker 3] Removed fetcher for partitions test-0 (kafka.server.ReplicaFetcherManager)
[2017-04-29 20:33:44,742] INFO [ReplicaFetcherManager on broker 3] Removed fetcher for partitions __consumer_offsets-28 (kafka.server.ReplicaFetcherManager)
[2017-04-29 20:33:44,742] INFO Truncating log __consumer_offsets-28 to offset 0. (kafka.log.Log)
[2017-04-29 20:33:44,761] INFO [ReplicaFetcherManager on broker 3] Removed fetcher for partitions __consumer_offsets-4 (kafka.server.ReplicaFetcherManager)
[2017-04-29 20:33:44,761] INFO Truncating log __consumer_offsets-4 to offset 0. (kafka.log.Log)
[2017-04-29 20:33:44,772] INFO [ReplicaFetcherManager on broker 3] Removed fetcher for partitions test-1 (kafka.server.ReplicaFetcherManager)
[2017-04-29 20:33:44,810] INFO [ReplicaFetcherManager on broker 3] Removed fetcher for partitions test-1 (kafka.server.ReplicaFetcherManager)
[2017-04-29 20:33:44,824] INFO [ReplicaFetcherManager on broker 3] Removed fetcher for partitions __consumer_offsets-36 (kafka.server.ReplicaFetcherManager)
[2017-04-29 20:33:44,824] INFO Truncating log __consumer_offsets-36 to offset 0. (kafka.log.Log)
[2017-04-29 20:33:44,831] INFO [ReplicaFetcherManager on broker 3] Removed fetcher for partitions test-3 (kafka.server.ReplicaFetcherManager)
[2017-04-29 20:33:44,837] INFO [ReplicaFetcherManager on broker 3] Removed fetcher for partitions test-3 (kafka.server.ReplicaFetcherManager)
[2017-04-29 20:33:44,838] INFO [ReplicaFetcherManager on broker 3] Removed fetcher for partitions __consumer_offsets-23 (kafka.server.ReplicaFetcherManager)
[2017-04-29 20:33:44,846] INFO [ReplicaFetcherManager on broker 3] Removed fetcher for partitions __consumer_offsets-23 (kafka.server.ReplicaFetcherManager)
[2017-04-29 20:33:44,851] INFO [ReplicaFetcherManager on broker 3] Removed fetcher for partitions topic-a-0 (kafka.server.ReplicaFetcherManager)
[2017-04-29 20:33:44,852] INFO Truncating log topic-a-0 to offset 5. (kafka.log.Log)
[2017-04-29 20:33:44,890] INFO [ReplicaFetcherManager on broker 3] Removed fetcher for partitions __consumer_offsets-24 (kafka.server.ReplicaFetcherManager)
[2017-04-29 20:33:44,891] INFO Truncating log __consumer_offsets-24 to offset 1793. (kafka.log.Log)
[2017-04-29 20:33:44,894] INFO [GroupCoordinator 3]: Unloading group metadata for _confluent-controlcenter-3-2-0-1 with generation 6 (kafka.coordinator.GroupCoordinator)
[2017-04-29 20:33:44,895] INFO [Group Metadata Manager on Broker 3]: Removed 20 cached offsets for __consumer_offsets-24 on follower transition. (kafka.coordinator.GroupMetadataManager)
[2017-04-29 20:33:44,896] INFO [Group Metadata Manager on Broker 3]: Removed 1 cached groups for __consumer_offsets-24 on follower transition. (kafka.coordinator.GroupMetadataManager)
[2017-04-29 20:33:44,899] INFO [ReplicaFetcherManager on broker 3] Removed fetcher for partitions __consumer_offsets-38 (kafka.server.ReplicaFetcherManager)
[2017-04-29 20:33:44,949] INFO [ReplicaFetcherManager on broker 3] Removed fetcher for partitions __consumer_offsets-38 (kafka.server.ReplicaFetcherManager)
[2017-04-29 20:33:44,968] INFO [ReplicaFetcherManager on broker 3] Removed fetcher for partitions __consumer_offsets-16 (kafka.server.ReplicaFetcherManager)
[2017-04-29 20:33:44,968] INFO Truncating log __consumer_offsets-16 to offset 0. (kafka.log.Log)
[2017-04-29 20:33:44,981] INFO [ReplicaFetcherManager on broker 3] Removed fetcher for partitions __consumer_offsets-10 (kafka.server.ReplicaFetcherManager)
[2017-04-29 20:33:44,998] INFO [ReplicaFetcherManager on broker 3] Removed fetcher for partitions __consumer_offsets-10 (kafka.server.ReplicaFetcherManager)
[2017-04-29 20:33:45,015] INFO [ReplicaFetcherManager on broker 3] Removed fetcher for partitions __consumer_offsets-40 (kafka.server.ReplicaFetcherManager)
[2017-04-29 20:33:45,015] INFO Truncating log __consumer_offsets-40 to offset 0. (kafka.log.Log)
[2017-04-29 20:33:45,025] INFO [ReplicaFetcherManager on broker 3] Removed fetcher for partitions __consumer_offsets-34 (kafka.server.ReplicaFetcherManager)
[2017-04-29 20:33:45,041] INFO [ReplicaFetcherManager on broker 3] Removed fetcher for partitions __consumer_offsets-34 (kafka.server.ReplicaFetcherManager)
[2017-04-29 20:33:45,042] INFO [ReplicaFetcherManager on broker 3] Removed fetcher for partitions __consumer_offsets-25 (kafka.server.ReplicaFetcherManager)
[2017-04-29 20:33:45,053] INFO [ReplicaFetcherManager on broker 3] Removed fetcher for partitions __consumer_offsets-25 (kafka.server.ReplicaFetcherManager)
[2017-04-29 20:33:45,054] INFO [ReplicaFetcherManager on broker 3] Removed fetcher for partitions __consumer_offsets-11 (kafka.server.ReplicaFetcherManager)
[2017-04-29 20:33:45,064] INFO [ReplicaFetcherManager on broker 3] Removed fetcher for partitions __consumer_offsets-11 (kafka.server.ReplicaFetcherManager)
[2017-04-29 20:33:45,066] INFO [ReplicaFetcherManager on broker 3] Removed fetcher for partitions __confluent.support.metrics-0 (kafka.server.ReplicaFetcherManager)
[2017-04-29 20:33:45,088] INFO [ReplicaFetcherManager on broker 3] Removed fetcher for partitions __confluent.support.metrics-0 (kafka.server.ReplicaFetcherManager)
[2017-04-29 20:33:45,089] INFO [ReplicaFetcherManager on broker 3] Removed fetcher for partitions __consumer_offsets-7 (kafka.server.ReplicaFetcherManager)
[2017-04-29 20:33:45,102] INFO [ReplicaFetcherManager on broker 3] Removed fetcher for partitions __consumer_offsets-7 (kafka.server.ReplicaFetcherManager)
[2017-04-29 20:33:45,103] INFO [ReplicaFetcherManager on broker 3] Removed fetcher for partitions __consumer_offsets-47 (kafka.server.ReplicaFetcherManager)
[2017-04-29 20:33:45,122] INFO [ReplicaFetcherManager on broker 3] Removed fetcher for partitions __consumer_offsets-47 (kafka.server.ReplicaFetcherManager)
[2017-04-29 20:33:45,123] INFO [ReplicaFetcherManager on broker 3] Removed fetcher for partitions awesome-0 (kafka.server.ReplicaFetcherManager)
[2017-04-29 20:33:45,139] INFO [ReplicaFetcherManager on broker 3] Removed fetcher for partitions awesome-0 (kafka.server.ReplicaFetcherManager)
[2017-04-29 20:33:45,148] INFO [ReplicaFetcherManager on broker 3] Removed fetcher for partitions _schemas-0 (kafka.server.ReplicaFetcherManager)
[2017-04-29 20:33:45,148] INFO Truncating log _schemas-0 to offset 1. (kafka.log.Log)
[2017-04-29 20:33:45,182] INFO [ReplicaFetcherManager on broker 3] Removed fetcher for partitions __consumer_offsets-13 (kafka.server.ReplicaFetcherManager)
[2017-04-29 20:33:45,186] INFO [ReplicaFetcherManager on broker 3] Removed fetcher for partitions __consumer_offsets-13 (kafka.server.ReplicaFetcherManager)
[2017-04-29 20:33:45,188] INFO [ReplicaFetcherManager on broker 3] Removed fetcher for partitions __consumer_offsets-29 (kafka.server.ReplicaFetcherManager)
[2017-04-29 20:33:45,196] INFO [ReplicaFetcherManager on broker 3] Removed fetcher for partitions __consumer_offsets-29 (kafka.server.ReplicaFetcherManager)
[2017-04-29 20:33:45,203] INFO [ReplicaFetcherManager on broker 3] Removed fetcher for partitions __consumer_offsets-8 (kafka.server.ReplicaFetcherManager)
[2017-04-29 20:33:45,203] INFO Truncating log __consumer_offsets-8 to offset 0. (kafka.log.Log)
[2017-04-29 20:33:45,208] INFO [ReplicaFetcherManager on broker 3] Removed fetcher for partitions __consumer_offsets-22 (kafka.server.ReplicaFetcherManager)
[2017-04-29 20:33:45,221] INFO [ReplicaFetcherManager on broker 3] Removed fetcher for partitions __consumer_offsets-22 (kafka.server.ReplicaFetcherManager)
[2017-04-29 20:33:45,222] INFO [ReplicaFetcherManager on broker 3] Removed fetcher for partitions __consumer_offsets-31 (kafka.server.ReplicaFetcherManager)
[2017-04-29 20:33:45,229] INFO [ReplicaFetcherManager on broker 3] Removed fetcher for partitions __consumer_offsets-31 (kafka.server.ReplicaFetcherManager)
[2017-04-29 20:33:45,230] INFO [ReplicaFetcherManager on broker 3] Removed fetcher for partitions awesome-1 (kafka.server.ReplicaFetcherManager)
[2017-04-29 20:33:45,242] INFO [ReplicaFetcherManager on broker 3] Removed fetcher for partitions awesome-1 (kafka.server.ReplicaFetcherManager)
[2017-04-29 20:33:45,249] INFO [ReplicaFetcherManager on broker 3] Removed fetcher for partitions test-2 (kafka.server.ReplicaFetcherManager)
[2017-04-29 20:33:45,249] INFO Truncating log test-2 to offset 2. (kafka.log.Log)
[2017-04-29 20:33:45,283] INFO [ReplicaFetcherManager on broker 3] Removed fetcher for partitions __consumer_offsets-20 (kafka.server.ReplicaFetcherManager)
[2017-04-29 20:33:45,283] INFO Truncating log __consumer_offsets-20 to offset 0. (kafka.log.Log)
[2017-04-29 20:33:45,292] INFO [ReplicaFetcherManager on broker 3] Removed fetcher for partitions __consumer_offsets-37 (kafka.server.ReplicaFetcherManager)
[2017-04-29 20:33:45,304] INFO [ReplicaFetcherManager on broker 3] Removed fetcher for partitions __consumer_offsets-37 (kafka.server.ReplicaFetcherManager)
[2017-04-29 20:33:45,305] INFO [ReplicaFetcherManager on broker 3] Removed fetcher for partitions __consumer_offsets-49 (kafka.server.ReplicaFetcherManager)
[2017-04-29 20:33:45,316] INFO [ReplicaFetcherManager on broker 3] Removed fetcher for partitions __consumer_offsets-49 (kafka.server.ReplicaFetcherManager)
[2017-04-29 20:33:45,317] INFO [ReplicaFetcherManager on broker 3] Removed fetcher for partitions awesome-3 (kafka.server.ReplicaFetcherManager)
[2017-04-29 20:33:45,325] INFO [ReplicaFetcherManager on broker 3] Removed fetcher for partitions awesome-3 (kafka.server.ReplicaFetcherManager)
[2017-04-29 20:33:45,336] INFO [ReplicaFetcherManager on broker 3] Removed fetcher for partitions __consumer_offsets-12 (kafka.server.ReplicaFetcherManager)
[2017-04-29 20:33:45,336] INFO Truncating log __consumer_offsets-12 to offset 0. (kafka.log.Log)
[2017-04-29 20:33:45,341] INFO [ReplicaFetcherManager on broker 3] Removed fetcher for partitions __consumer_offsets-5 (kafka.server.ReplicaFetcherManager)
[2017-04-29 20:33:45,347] INFO [ReplicaFetcherManager on broker 3] Removed fetcher for partitions __consumer_offsets-5 (kafka.server.ReplicaFetcherManager)
[2017-04-29 20:33:45,358] INFO [ReplicaFetcherManager on broker 3] Removed fetcher for partitions __consumer_offsets-32 (kafka.server.ReplicaFetcherManager)
[2017-04-29 20:33:45,359] INFO Truncating log __consumer_offsets-32 to offset 0. (kafka.log.Log)
[2017-04-29 20:33:45,369] INFO [ReplicaFetcherManager on broker 3] Removed fetcher for partitions __consumer_offsets-2 (kafka.server.ReplicaFetcherManager)
[2017-04-29 20:33:45,376] INFO [ReplicaFetcherManager on broker 3] Removed fetcher for partitions __consumer_offsets-2 (kafka.server.ReplicaFetcherManager)
[2017-04-29 20:33:45,377] INFO [ReplicaFetcherManager on broker 3] Removed fetcher for partitions __consumer_offsets-1 (kafka.server.ReplicaFetcherManager)
[2017-04-29 20:33:45,383] INFO [ReplicaFetcherManager on broker 3] Removed fetcher for partitions __consumer_offsets-1 (kafka.server.ReplicaFetcherManager)
[2017-04-29 20:33:45,385] INFO [ReplicaFetcherManager on broker 3] Removed fetcher for partitions __consumer_offsets-0 (kafka.server.ReplicaFetcherManager)
[2017-04-29 20:33:45,395] INFO [ReplicaFetcherManager on broker 3] Removed fetcher for partitions __consumer_offsets-0 (kafka.server.ReplicaFetcherManager)
[2017-04-29 20:33:45,408] INFO [ReplicaFetcherManager on broker 3] Removed fetcher for partitions __consumer_offsets-44 (kafka.server.ReplicaFetcherManager)
[2017-04-29 20:33:45,409] INFO Truncating log __consumer_offsets-44 to offset 0. (kafka.log.Log)
[2017-04-29 20:33:45,413] INFO [ReplicaFetcherManager on broker 3] Removed fetcher for partitions __consumer_offsets-17 (kafka.server.ReplicaFetcherManager)
[2017-04-29 20:33:45,420] INFO [ReplicaFetcherManager on broker 3] Removed fetcher for partitions __consumer_offsets-17 (kafka.server.ReplicaFetcherManager)
[2017-04-29 20:33:45,431] INFO [ReplicaFetcherManager on broker 3] Removed fetcher for partitions __consumer_offsets-48 (kafka.server.ReplicaFetcherManager)
[2017-04-29 20:33:45,431] INFO Truncating log __consumer_offsets-48 to offset 0. (kafka.log.Log)
[2017-04-29 20:33:45,436] INFO [ReplicaFetcherManager on broker 3] Removed fetcher for partitions __consumer_offsets-26 (kafka.server.ReplicaFetcherManager)
[2017-04-29 20:33:45,446] INFO [ReplicaFetcherManager on broker 3] Removed fetcher for partitions __consumer_offsets-26 (kafka.server.ReplicaFetcherManager)
[2017-04-29 20:33:45,460] INFO [ReplicaFetcherManager on broker 3] Removed fetcher for partitions awesome-2 (kafka.server.ReplicaFetcherManager)
[2017-04-29 20:33:45,460] INFO Truncating log awesome-2 to offset 4. (kafka.log.Log)
[2017-04-29 20:33:45,475] INFO [ReplicaFetcherManager on broker 3] Removed fetcher for partitions __consumer_offsets-41 (kafka.server.ReplicaFetcherManager)
[2017-04-29 20:33:45,476] INFO [ReplicaFetcherThread-0-0], Shutting down (kafka.server.ReplicaFetcherThread)
[2017-04-29 20:33:45,589] INFO [Kafka Server 3], Controlled shutdown succeeded (kafka.server.KafkaServer)
[2017-04-29 20:33:45,592] INFO [Socket Server on Broker 3], Shutting down (kafka.network.SocketServer)
[2017-04-29 20:33:45,615] INFO [Socket Server on Broker 3], Shutdown completed (kafka.network.SocketServer)
[2017-04-29 20:33:45,621] INFO [Kafka Request Handler on Broker 3], shutting down (kafka.server.KafkaRequestHandlerPool)
[2017-04-29 20:33:45,665] INFO [ReplicaFetcherThread-0-0], Shutdown completed (kafka.server.ReplicaFetcherThread)
[2017-04-29 20:33:45,665] INFO [ReplicaFetcherThread-0-0], Stopped  (kafka.server.ReplicaFetcherThread)
[2017-04-29 20:33:45,668] INFO [ReplicaFetcherManager on broker 3] Removed fetcher for partitions __consumer_offsets-41 (kafka.server.ReplicaFetcherManager)
[2017-04-29 20:33:45,669] INFO [Kafka Request Handler on Broker 3], shut down completely (kafka.server.KafkaRequestHandlerPool)
[2017-04-29 20:33:45,673] INFO [ThrottledRequestReaper-Fetch], Shutting down (kafka.server.ClientQuotaManager$ThrottledRequestReaper)
[2017-04-29 20:33:46,593] INFO [ThrottledRequestReaper-Fetch], Stopped  (kafka.server.ClientQuotaManager$ThrottledRequestReaper)
[2017-04-29 20:33:46,593] INFO [ThrottledRequestReaper-Fetch], Shutdown completed (kafka.server.ClientQuotaManager$ThrottledRequestReaper)
[2017-04-29 20:33:46,593] INFO [ThrottledRequestReaper-Produce], Shutting down (kafka.server.ClientQuotaManager$ThrottledRequestReaper)
[2017-04-29 20:33:47,593] INFO [ThrottledRequestReaper-Produce], Stopped  (kafka.server.ClientQuotaManager$ThrottledRequestReaper)
[2017-04-29 20:33:47,593] INFO [ThrottledRequestReaper-Produce], Shutdown completed (kafka.server.ClientQuotaManager$ThrottledRequestReaper)
[2017-04-29 20:33:47,594] INFO [KafkaApi-3] Shutdown complete. (kafka.server.KafkaApis)
[2017-04-29 20:33:47,597] INFO [Replica Manager on Broker 3]: Shutting down (kafka.server.ReplicaManager)
[2017-04-29 20:33:47,598] INFO [ReplicaFetcherManager on broker 3] shutting down (kafka.server.ReplicaFetcherManager)
[2017-04-29 20:33:47,599] INFO [ReplicaFetcherThread-0-2], Shutting down (kafka.server.ReplicaFetcherThread)
[2017-04-29 20:33:47,599] INFO [ReplicaFetcherThread-0-1], Shutting down (kafka.server.ReplicaFetcherThread)
[2017-04-29 20:33:47,629] INFO [ReplicaFetcherThread-0-2], Stopped  (kafka.server.ReplicaFetcherThread)
[2017-04-29 20:33:47,629] INFO [ReplicaFetcherThread-0-2], Shutdown completed (kafka.server.ReplicaFetcherThread)
[2017-04-29 20:33:47,915] INFO [ReplicaFetcherThread-0-1], Stopped  (kafka.server.ReplicaFetcherThread)
[2017-04-29 20:33:47,915] INFO [ReplicaFetcherThread-0-1], Shutdown completed (kafka.server.ReplicaFetcherThread)
[2017-04-29 20:33:47,919] INFO [ReplicaFetcherManager on broker 3] shutdown completed (kafka.server.ReplicaFetcherManager)
[2017-04-29 20:33:47,919] INFO [ExpirationReaper-3], Shutting down (kafka.server.DelayedOperationPurgatory$ExpiredOperationReaper)
[2017-04-29 20:33:47,938] INFO [ExpirationReaper-3], Stopped  (kafka.server.DelayedOperationPurgatory$ExpiredOperationReaper)
[2017-04-29 20:33:47,938] INFO [ExpirationReaper-3], Shutdown completed (kafka.server.DelayedOperationPurgatory$ExpiredOperationReaper)
[2017-04-29 20:33:47,938] INFO [ExpirationReaper-3], Shutting down (kafka.server.DelayedOperationPurgatory$ExpiredOperationReaper)
[2017-04-29 20:33:48,116] INFO [ExpirationReaper-3], Stopped  (kafka.server.DelayedOperationPurgatory$ExpiredOperationReaper)
[2017-04-29 20:33:48,116] INFO [ExpirationReaper-3], Shutdown completed (kafka.server.DelayedOperationPurgatory$ExpiredOperationReaper)
[2017-04-29 20:33:48,121] INFO [Replica Manager on Broker 3]: Shut down completely (kafka.server.ReplicaManager)
[2017-04-29 20:33:48,122] INFO [ExpirationReaper-3], Shutting down (kafka.server.DelayedOperationPurgatory$ExpiredOperationReaper)
[2017-04-29 20:33:48,164] INFO [ExpirationReaper-3], Shutdown completed (kafka.server.DelayedOperationPurgatory$ExpiredOperationReaper)
[2017-04-29 20:33:48,164] INFO [ExpirationReaper-3], Stopped  (kafka.server.DelayedOperationPurgatory$ExpiredOperationReaper)
[2017-04-29 20:33:48,166] INFO [GroupCoordinator 3]: Shutting down. (kafka.coordinator.GroupCoordinator)
[2017-04-29 20:33:48,166] INFO [ExpirationReaper-3], Shutting down (kafka.server.DelayedOperationPurgatory$ExpiredOperationReaper)
[2017-04-29 20:33:48,322] INFO [ExpirationReaper-3], Stopped  (kafka.server.DelayedOperationPurgatory$ExpiredOperationReaper)
[2017-04-29 20:33:48,322] INFO [ExpirationReaper-3], Shutdown completed (kafka.server.DelayedOperationPurgatory$ExpiredOperationReaper)
[2017-04-29 20:33:48,322] INFO [ExpirationReaper-3], Shutting down (kafka.server.DelayedOperationPurgatory$ExpiredOperationReaper)
[2017-04-29 20:33:48,366] INFO [ExpirationReaper-3], Stopped  (kafka.server.DelayedOperationPurgatory$ExpiredOperationReaper)
[2017-04-29 20:33:48,366] INFO [ExpirationReaper-3], Shutdown completed (kafka.server.DelayedOperationPurgatory$ExpiredOperationReaper)
[2017-04-29 20:33:48,367] INFO [GroupCoordinator 3]: Shutdown complete. (kafka.coordinator.GroupCoordinator)
[2017-04-29 20:33:48,368] INFO Shutting down. (kafka.log.LogManager)
[2017-04-29 20:33:49,031] INFO Shutdown complete. (kafka.log.LogManager)
[2017-04-29 20:33:49,104] INFO [Kafka Server 3], shut down completed (kafka.server.KafkaServer)
