[2017-04-29 20:05:01,541] TRACE Broker 3 received LeaderAndIsr request PartitionState(controllerEpoch=3, leader=3, leaderEpoch=0, isr=[3, 2, 0, 1], zkVersion=0, replicas=[0, 1, 2, 3]) correlation id 75 from controller 0 epoch 3 for partition [awesome,2] (state.change.logger)
[2017-04-29 20:05:01,559] TRACE Broker 3 received LeaderAndIsr request PartitionState(controllerEpoch=3, leader=2, leaderEpoch=0, isr=[2, 1, 3, 0], zkVersion=0, replicas=[0, 1, 2, 3]) correlation id 75 from controller 0 epoch 3 for partition [awesome,1] (state.change.logger)
[2017-04-29 20:05:01,559] TRACE Broker 3 received LeaderAndIsr request PartitionState(controllerEpoch=3, leader=0, leaderEpoch=0, isr=[0, 3, 1, 2], zkVersion=0, replicas=[0, 1, 2, 3]) correlation id 75 from controller 0 epoch 3 for partition [awesome,3] (state.change.logger)
[2017-04-29 20:05:01,559] TRACE Broker 3 received LeaderAndIsr request PartitionState(controllerEpoch=3, leader=1, leaderEpoch=0, isr=[1, 0, 2, 3], zkVersion=0, replicas=[0, 1, 2, 3]) correlation id 75 from controller 0 epoch 3 for partition [awesome,0] (state.change.logger)
[2017-04-29 20:05:01,562] TRACE Broker 3 handling LeaderAndIsr request correlationId 75 from controller 0 epoch 3 starting the become-leader transition for partition awesome-2 (state.change.logger)
[2017-04-29 20:05:02,296] TRACE Broker 3 stopped fetchers as part of become-leader request from controller 0 epoch 3 with correlation id 75 for partition awesome-2 (state.change.logger)
[2017-04-29 20:05:02,296] TRACE Broker 3 completed LeaderAndIsr request correlationId 75 from controller 0 epoch 3 for the become-leader transition for partition awesome-2 (state.change.logger)
[2017-04-29 20:05:02,296] TRACE Broker 3 handling LeaderAndIsr request correlationId 75 from controller 0 epoch 3 starting the become-follower transition for partition awesome-3 (state.change.logger)
[2017-04-29 20:05:02,296] TRACE Broker 3 handling LeaderAndIsr request correlationId 75 from controller 0 epoch 3 starting the become-follower transition for partition awesome-0 (state.change.logger)
[2017-04-29 20:05:02,296] TRACE Broker 3 handling LeaderAndIsr request correlationId 75 from controller 0 epoch 3 starting the become-follower transition for partition awesome-1 (state.change.logger)
[2017-04-29 20:05:02,992] TRACE Broker 3 stopped fetchers as part of become-follower request from controller 0 epoch 3 with correlation id 75 for partition awesome-1 (state.change.logger)
[2017-04-29 20:05:02,992] TRACE Broker 3 stopped fetchers as part of become-follower request from controller 0 epoch 3 with correlation id 75 for partition awesome-0 (state.change.logger)
[2017-04-29 20:05:02,993] TRACE Broker 3 stopped fetchers as part of become-follower request from controller 0 epoch 3 with correlation id 75 for partition awesome-3 (state.change.logger)
[2017-04-29 20:05:03,022] TRACE Broker 3 truncated logs and checkpointed recovery boundaries for partition awesome-1 as part of become-follower request with correlation id 75 from controller 0 epoch 3 (state.change.logger)
[2017-04-29 20:05:03,022] TRACE Broker 3 truncated logs and checkpointed recovery boundaries for partition awesome-0 as part of become-follower request with correlation id 75 from controller 0 epoch 3 (state.change.logger)
[2017-04-29 20:05:03,022] TRACE Broker 3 truncated logs and checkpointed recovery boundaries for partition awesome-3 as part of become-follower request with correlation id 75 from controller 0 epoch 3 (state.change.logger)
[2017-04-29 20:05:03,024] TRACE Broker 3 started fetcher to new leader as part of become-follower request from controller 0 epoch 3 with correlation id 75 for partition awesome-1 (state.change.logger)
[2017-04-29 20:05:03,024] TRACE Broker 3 started fetcher to new leader as part of become-follower request from controller 0 epoch 3 with correlation id 75 for partition awesome-0 (state.change.logger)
[2017-04-29 20:05:03,024] TRACE Broker 3 started fetcher to new leader as part of become-follower request from controller 0 epoch 3 with correlation id 75 for partition awesome-3 (state.change.logger)
[2017-04-29 20:05:03,024] TRACE Broker 3 completed LeaderAndIsr request correlationId 75 from controller 0 epoch 3 for the become-follower transition for partition awesome-3 (state.change.logger)
[2017-04-29 20:05:03,024] TRACE Broker 3 completed LeaderAndIsr request correlationId 75 from controller 0 epoch 3 for the become-follower transition for partition awesome-0 (state.change.logger)
[2017-04-29 20:05:03,024] TRACE Broker 3 completed LeaderAndIsr request correlationId 75 from controller 0 epoch 3 for the become-follower transition for partition awesome-1 (state.change.logger)
[2017-04-29 20:05:03,026] TRACE Broker 3 cached leader info (LeaderAndIsrInfo:(Leader:3,ISR:3,2,0,1,LeaderEpoch:0,ControllerEpoch:3),ReplicationFactor:4),AllReplicas:0,1,2,3) for partition awesome-2 in response to UpdateMetadata request sent by controller 0 epoch 3 with correlation id 76 (state.change.logger)
[2017-04-29 20:05:03,027] TRACE Broker 3 cached leader info (LeaderAndIsrInfo:(Leader:2,ISR:2,1,3,0,LeaderEpoch:0,ControllerEpoch:3),ReplicationFactor:4),AllReplicas:0,1,2,3) for partition awesome-1 in response to UpdateMetadata request sent by controller 0 epoch 3 with correlation id 76 (state.change.logger)
[2017-04-29 20:05:03,027] TRACE Broker 3 cached leader info (LeaderAndIsrInfo:(Leader:0,ISR:0,3,1,2,LeaderEpoch:0,ControllerEpoch:3),ReplicationFactor:4),AllReplicas:0,1,2,3) for partition awesome-3 in response to UpdateMetadata request sent by controller 0 epoch 3 with correlation id 76 (state.change.logger)
[2017-04-29 20:05:03,027] TRACE Broker 3 cached leader info (LeaderAndIsrInfo:(Leader:1,ISR:1,0,2,3,LeaderEpoch:0,ControllerEpoch:3),ReplicationFactor:4),AllReplicas:0,1,2,3) for partition awesome-0 in response to UpdateMetadata request sent by controller 0 epoch 3 with correlation id 76 (state.change.logger)
[2017-04-29 20:33:44,650] TRACE Broker 3 handling stop replica (delete=false) for partition topic-a-1 (state.change.logger)
[2017-04-29 20:33:44,669] TRACE Broker 3 finished handling stop replica (delete=false) for partition topic-a-1 (state.change.logger)
[2017-04-29 20:33:44,676] TRACE Broker 3 cached leader info (LeaderAndIsrInfo:(Leader:0,ISR:0,1,2,LeaderEpoch:6,ControllerEpoch:3),ReplicationFactor:4),AllReplicas:0,1,2,3) for partition topic-a-1 in response to UpdateMetadata request sent by controller 0 epoch 3 with correlation id 78 (state.change.logger)
[2017-04-29 20:33:44,680] TRACE Broker 3 handling stop replica (delete=false) for partition topic-a-1 (state.change.logger)
[2017-04-29 20:33:44,680] TRACE Broker 3 finished handling stop replica (delete=false) for partition topic-a-1 (state.change.logger)
[2017-04-29 20:33:44,683] TRACE Broker 3 handling stop replica (delete=false) for partition __consumer_offsets-43 (state.change.logger)
[2017-04-29 20:33:44,683] TRACE Broker 3 finished handling stop replica (delete=false) for partition __consumer_offsets-43 (state.change.logger)
[2017-04-29 20:33:44,700] TRACE Broker 3 cached leader info (LeaderAndIsrInfo:(Leader:2,ISR:1,2,LeaderEpoch:6,ControllerEpoch:3),ReplicationFactor:3),AllReplicas:1,2,3) for partition __consumer_offsets-43 in response to UpdateMetadata request sent by controller 0 epoch 3 with correlation id 81 (state.change.logger)
[2017-04-29 20:33:44,701] TRACE Broker 3 handling stop replica (delete=false) for partition __consumer_offsets-43 (state.change.logger)
[2017-04-29 20:33:44,701] TRACE Broker 3 finished handling stop replica (delete=false) for partition __consumer_offsets-43 (state.change.logger)
[2017-04-29 20:33:44,703] TRACE Broker 3 handling stop replica (delete=false) for partition __consumer_offsets-14 (state.change.logger)
[2017-04-29 20:33:44,703] TRACE Broker 3 finished handling stop replica (delete=false) for partition __consumer_offsets-14 (state.change.logger)
[2017-04-29 20:33:44,711] TRACE Broker 3 cached leader info (LeaderAndIsrInfo:(Leader:1,ISR:0,1,LeaderEpoch:6,ControllerEpoch:3),ReplicationFactor:3),AllReplicas:0,1,3) for partition __consumer_offsets-14 in response to UpdateMetadata request sent by controller 0 epoch 3 with correlation id 84 (state.change.logger)
[2017-04-29 20:33:44,712] TRACE Broker 3 handling stop replica (delete=false) for partition __consumer_offsets-14 (state.change.logger)
[2017-04-29 20:33:44,712] TRACE Broker 3 finished handling stop replica (delete=false) for partition __consumer_offsets-14 (state.change.logger)
[2017-04-29 20:33:44,713] TRACE Broker 3 handling stop replica (delete=false) for partition test-0 (state.change.logger)
[2017-04-29 20:33:44,713] TRACE Broker 3 finished handling stop replica (delete=false) for partition test-0 (state.change.logger)
[2017-04-29 20:33:44,727] TRACE Broker 3 cached leader info (LeaderAndIsrInfo:(Leader:1,ISR:0,1,2,LeaderEpoch:7,ControllerEpoch:3),ReplicationFactor:4),AllReplicas:0,1,2,3) for partition test-0 in response to UpdateMetadata request sent by controller 0 epoch 3 with correlation id 87 (state.change.logger)
[2017-04-29 20:33:44,728] TRACE Broker 3 handling stop replica (delete=false) for partition test-0 (state.change.logger)
[2017-04-29 20:33:44,728] TRACE Broker 3 finished handling stop replica (delete=false) for partition test-0 (state.change.logger)
[2017-04-29 20:33:44,741] TRACE Broker 3 received LeaderAndIsr request PartitionState(controllerEpoch=3, leader=2, leaderEpoch=6, isr=[0, 2], zkVersion=8, replicas=[0, 2, 3]) correlation id 89 from controller 0 epoch 3 for partition [__consumer_offsets,28] (state.change.logger)
[2017-04-29 20:33:44,741] TRACE Broker 3 handling LeaderAndIsr request correlationId 89 from controller 0 epoch 3 starting the become-follower transition for partition __consumer_offsets-28 (state.change.logger)
[2017-04-29 20:33:44,742] TRACE Broker 3 stopped fetchers as part of become-follower request from controller 0 epoch 3 with correlation id 89 for partition __consumer_offsets-28 (state.change.logger)
[2017-04-29 20:33:44,750] TRACE Broker 3 truncated logs and checkpointed recovery boundaries for partition __consumer_offsets-28 as part of become-follower request with correlation id 89 from controller 0 epoch 3 (state.change.logger)
[2017-04-29 20:33:44,752] TRACE Broker 3 skipped the adding-fetcher step of the become-follower state change with correlation id 89 from controller 0 epoch 3 for partition __consumer_offsets-28 since it is shutting down (state.change.logger)
[2017-04-29 20:33:44,752] TRACE Broker 3 completed LeaderAndIsr request correlationId 89 from controller 0 epoch 3 for the become-follower transition for partition __consumer_offsets-28 (state.change.logger)
[2017-04-29 20:33:44,755] TRACE Broker 3 cached leader info (LeaderAndIsrInfo:(Leader:2,ISR:0,2,LeaderEpoch:6,ControllerEpoch:3),ReplicationFactor:3),AllReplicas:0,2,3) for partition __consumer_offsets-28 in response to UpdateMetadata request sent by controller 0 epoch 3 with correlation id 90 (state.change.logger)
[2017-04-29 20:33:44,760] TRACE Broker 3 received LeaderAndIsr request PartitionState(controllerEpoch=3, leader=2, leaderEpoch=6, isr=[0, 2], zkVersion=8, replicas=[0, 2, 3]) correlation id 91 from controller 0 epoch 3 for partition [__consumer_offsets,4] (state.change.logger)
[2017-04-29 20:33:44,761] TRACE Broker 3 handling LeaderAndIsr request correlationId 91 from controller 0 epoch 3 starting the become-follower transition for partition __consumer_offsets-4 (state.change.logger)
[2017-04-29 20:33:44,761] TRACE Broker 3 stopped fetchers as part of become-follower request from controller 0 epoch 3 with correlation id 91 for partition __consumer_offsets-4 (state.change.logger)
[2017-04-29 20:33:44,764] TRACE Broker 3 truncated logs and checkpointed recovery boundaries for partition __consumer_offsets-4 as part of become-follower request with correlation id 91 from controller 0 epoch 3 (state.change.logger)
[2017-04-29 20:33:44,764] TRACE Broker 3 skipped the adding-fetcher step of the become-follower state change with correlation id 91 from controller 0 epoch 3 for partition __consumer_offsets-4 since it is shutting down (state.change.logger)
[2017-04-29 20:33:44,764] TRACE Broker 3 completed LeaderAndIsr request correlationId 91 from controller 0 epoch 3 for the become-follower transition for partition __consumer_offsets-4 (state.change.logger)
[2017-04-29 20:33:44,771] TRACE Broker 3 cached leader info (LeaderAndIsrInfo:(Leader:2,ISR:0,2,LeaderEpoch:6,ControllerEpoch:3),ReplicationFactor:3),AllReplicas:0,2,3) for partition __consumer_offsets-4 in response to UpdateMetadata request sent by controller 0 epoch 3 with correlation id 92 (state.change.logger)
[2017-04-29 20:33:44,773] TRACE Broker 3 handling stop replica (delete=false) for partition test-1 (state.change.logger)
[2017-04-29 20:33:44,773] TRACE Broker 3 finished handling stop replica (delete=false) for partition test-1 (state.change.logger)
[2017-04-29 20:33:44,808] TRACE Broker 3 cached leader info (LeaderAndIsrInfo:(Leader:2,ISR:0,1,2,LeaderEpoch:7,ControllerEpoch:3),ReplicationFactor:4),AllReplicas:0,1,2,3) for partition test-1 in response to UpdateMetadata request sent by controller 0 epoch 3 with correlation id 94 (state.change.logger)
[2017-04-29 20:33:44,810] TRACE Broker 3 handling stop replica (delete=false) for partition test-1 (state.change.logger)
[2017-04-29 20:33:44,810] TRACE Broker 3 finished handling stop replica (delete=false) for partition test-1 (state.change.logger)
[2017-04-29 20:33:44,823] TRACE Broker 3 received LeaderAndIsr request PartitionState(controllerEpoch=3, leader=1, leaderEpoch=6, isr=[1, 2], zkVersion=8, replicas=[1, 2, 3]) correlation id 96 from controller 0 epoch 3 for partition [__consumer_offsets,36] (state.change.logger)
[2017-04-29 20:33:44,824] TRACE Broker 3 handling LeaderAndIsr request correlationId 96 from controller 0 epoch 3 starting the become-follower transition for partition __consumer_offsets-36 (state.change.logger)
[2017-04-29 20:33:44,824] TRACE Broker 3 stopped fetchers as part of become-follower request from controller 0 epoch 3 with correlation id 96 for partition __consumer_offsets-36 (state.change.logger)
[2017-04-29 20:33:44,828] TRACE Broker 3 truncated logs and checkpointed recovery boundaries for partition __consumer_offsets-36 as part of become-follower request with correlation id 96 from controller 0 epoch 3 (state.change.logger)
[2017-04-29 20:33:44,828] TRACE Broker 3 skipped the adding-fetcher step of the become-follower state change with correlation id 96 from controller 0 epoch 3 for partition __consumer_offsets-36 since it is shutting down (state.change.logger)
[2017-04-29 20:33:44,828] TRACE Broker 3 completed LeaderAndIsr request correlationId 96 from controller 0 epoch 3 for the become-follower transition for partition __consumer_offsets-36 (state.change.logger)
[2017-04-29 20:33:44,830] TRACE Broker 3 cached leader info (LeaderAndIsrInfo:(Leader:1,ISR:1,2,LeaderEpoch:6,ControllerEpoch:3),ReplicationFactor:3),AllReplicas:1,2,3) for partition __consumer_offsets-36 in response to UpdateMetadata request sent by controller 0 epoch 3 with correlation id 97 (state.change.logger)
[2017-04-29 20:33:44,831] TRACE Broker 3 handling stop replica (delete=false) for partition test-3 (state.change.logger)
[2017-04-29 20:33:44,831] TRACE Broker 3 finished handling stop replica (delete=false) for partition test-3 (state.change.logger)
[2017-04-29 20:33:44,836] TRACE Broker 3 cached leader info (LeaderAndIsrInfo:(Leader:0,ISR:0,1,2,LeaderEpoch:6,ControllerEpoch:3),ReplicationFactor:4),AllReplicas:0,1,2,3) for partition test-3 in response to UpdateMetadata request sent by controller 0 epoch 3 with correlation id 99 (state.change.logger)
[2017-04-29 20:33:44,837] TRACE Broker 3 handling stop replica (delete=false) for partition test-3 (state.change.logger)
[2017-04-29 20:33:44,837] TRACE Broker 3 finished handling stop replica (delete=false) for partition test-3 (state.change.logger)
[2017-04-29 20:33:44,839] TRACE Broker 3 handling stop replica (delete=false) for partition __consumer_offsets-23 (state.change.logger)
[2017-04-29 20:33:44,839] TRACE Broker 3 finished handling stop replica (delete=false) for partition __consumer_offsets-23 (state.change.logger)
[2017-04-29 20:33:44,845] TRACE Broker 3 cached leader info (LeaderAndIsrInfo:(Leader:2,ISR:0,2,LeaderEpoch:6,ControllerEpoch:3),ReplicationFactor:3),AllReplicas:0,2,3) for partition __consumer_offsets-23 in response to UpdateMetadata request sent by controller 0 epoch 3 with correlation id 102 (state.change.logger)
[2017-04-29 20:33:44,846] TRACE Broker 3 handling stop replica (delete=false) for partition __consumer_offsets-23 (state.change.logger)
[2017-04-29 20:33:44,846] TRACE Broker 3 finished handling stop replica (delete=false) for partition __consumer_offsets-23 (state.change.logger)
[2017-04-29 20:33:44,851] TRACE Broker 3 received LeaderAndIsr request PartitionState(controllerEpoch=3, leader=0, leaderEpoch=7, isr=[0, 1, 2], zkVersion=10, replicas=[0, 1, 2, 3]) correlation id 104 from controller 0 epoch 3 for partition [topic-a,0] (state.change.logger)
[2017-04-29 20:33:44,851] TRACE Broker 3 handling LeaderAndIsr request correlationId 104 from controller 0 epoch 3 starting the become-follower transition for partition topic-a-0 (state.change.logger)
[2017-04-29 20:33:44,851] TRACE Broker 3 stopped fetchers as part of become-follower request from controller 0 epoch 3 with correlation id 104 for partition topic-a-0 (state.change.logger)
[2017-04-29 20:33:44,882] TRACE Broker 3 truncated logs and checkpointed recovery boundaries for partition topic-a-0 as part of become-follower request with correlation id 104 from controller 0 epoch 3 (state.change.logger)
[2017-04-29 20:33:44,882] TRACE Broker 3 skipped the adding-fetcher step of the become-follower state change with correlation id 104 from controller 0 epoch 3 for partition topic-a-0 since it is shutting down (state.change.logger)
[2017-04-29 20:33:44,882] TRACE Broker 3 completed LeaderAndIsr request correlationId 104 from controller 0 epoch 3 for the become-follower transition for partition topic-a-0 (state.change.logger)
[2017-04-29 20:33:44,885] TRACE Broker 3 cached leader info (LeaderAndIsrInfo:(Leader:0,ISR:0,1,2,LeaderEpoch:7,ControllerEpoch:3),ReplicationFactor:4),AllReplicas:0,1,2,3) for partition topic-a-0 in response to UpdateMetadata request sent by controller 0 epoch 3 with correlation id 105 (state.change.logger)
[2017-04-29 20:33:44,890] TRACE Broker 3 received LeaderAndIsr request PartitionState(controllerEpoch=3, leader=1, leaderEpoch=6, isr=[1, 2], zkVersion=8, replicas=[1, 2, 3]) correlation id 106 from controller 0 epoch 3 for partition [__consumer_offsets,24] (state.change.logger)
[2017-04-29 20:33:44,890] TRACE Broker 3 handling LeaderAndIsr request correlationId 106 from controller 0 epoch 3 starting the become-follower transition for partition __consumer_offsets-24 (state.change.logger)
[2017-04-29 20:33:44,891] TRACE Broker 3 stopped fetchers as part of become-follower request from controller 0 epoch 3 with correlation id 106 for partition __consumer_offsets-24 (state.change.logger)
[2017-04-29 20:33:44,893] TRACE Broker 3 truncated logs and checkpointed recovery boundaries for partition __consumer_offsets-24 as part of become-follower request with correlation id 106 from controller 0 epoch 3 (state.change.logger)
[2017-04-29 20:33:44,893] TRACE Broker 3 skipped the adding-fetcher step of the become-follower state change with correlation id 106 from controller 0 epoch 3 for partition __consumer_offsets-24 since it is shutting down (state.change.logger)
[2017-04-29 20:33:44,893] TRACE Broker 3 completed LeaderAndIsr request correlationId 106 from controller 0 epoch 3 for the become-follower transition for partition __consumer_offsets-24 (state.change.logger)
[2017-04-29 20:33:44,897] TRACE Broker 3 cached leader info (LeaderAndIsrInfo:(Leader:1,ISR:1,2,LeaderEpoch:6,ControllerEpoch:3),ReplicationFactor:3),AllReplicas:1,2,3) for partition __consumer_offsets-24 in response to UpdateMetadata request sent by controller 0 epoch 3 with correlation id 107 (state.change.logger)
[2017-04-29 20:33:44,899] TRACE Broker 3 handling stop replica (delete=false) for partition __consumer_offsets-38 (state.change.logger)
[2017-04-29 20:33:44,899] TRACE Broker 3 finished handling stop replica (delete=false) for partition __consumer_offsets-38 (state.change.logger)
[2017-04-29 20:33:44,949] TRACE Broker 3 cached leader info (LeaderAndIsrInfo:(Leader:1,ISR:0,1,LeaderEpoch:6,ControllerEpoch:3),ReplicationFactor:3),AllReplicas:0,1,3) for partition __consumer_offsets-38 in response to UpdateMetadata request sent by controller 0 epoch 3 with correlation id 109 (state.change.logger)
[2017-04-29 20:33:44,950] TRACE Broker 3 handling stop replica (delete=false) for partition __consumer_offsets-38 (state.change.logger)
[2017-04-29 20:33:44,950] TRACE Broker 3 finished handling stop replica (delete=false) for partition __consumer_offsets-38 (state.change.logger)
[2017-04-29 20:33:44,967] TRACE Broker 3 received LeaderAndIsr request PartitionState(controllerEpoch=3, leader=2, leaderEpoch=6, isr=[0, 2], zkVersion=8, replicas=[0, 2, 3]) correlation id 111 from controller 0 epoch 3 for partition [__consumer_offsets,16] (state.change.logger)
[2017-04-29 20:33:44,968] TRACE Broker 3 handling LeaderAndIsr request correlationId 111 from controller 0 epoch 3 starting the become-follower transition for partition __consumer_offsets-16 (state.change.logger)
[2017-04-29 20:33:44,968] TRACE Broker 3 stopped fetchers as part of become-follower request from controller 0 epoch 3 with correlation id 111 for partition __consumer_offsets-16 (state.change.logger)
[2017-04-29 20:33:44,970] TRACE Broker 3 truncated logs and checkpointed recovery boundaries for partition __consumer_offsets-16 as part of become-follower request with correlation id 111 from controller 0 epoch 3 (state.change.logger)
[2017-04-29 20:33:44,970] TRACE Broker 3 skipped the adding-fetcher step of the become-follower state change with correlation id 111 from controller 0 epoch 3 for partition __consumer_offsets-16 since it is shutting down (state.change.logger)
[2017-04-29 20:33:44,970] TRACE Broker 3 completed LeaderAndIsr request correlationId 111 from controller 0 epoch 3 for the become-follower transition for partition __consumer_offsets-16 (state.change.logger)
[2017-04-29 20:33:44,978] TRACE Broker 3 cached leader info (LeaderAndIsrInfo:(Leader:2,ISR:0,2,LeaderEpoch:6,ControllerEpoch:3),ReplicationFactor:3),AllReplicas:0,2,3) for partition __consumer_offsets-16 in response to UpdateMetadata request sent by controller 0 epoch 3 with correlation id 112 (state.change.logger)
[2017-04-29 20:33:44,981] TRACE Broker 3 handling stop replica (delete=false) for partition __consumer_offsets-10 (state.change.logger)
[2017-04-29 20:33:44,981] TRACE Broker 3 finished handling stop replica (delete=false) for partition __consumer_offsets-10 (state.change.logger)
[2017-04-29 20:33:44,997] TRACE Broker 3 cached leader info (LeaderAndIsrInfo:(Leader:1,ISR:1,2,LeaderEpoch:5,ControllerEpoch:3),ReplicationFactor:3),AllReplicas:1,2,3) for partition __consumer_offsets-10 in response to UpdateMetadata request sent by controller 0 epoch 3 with correlation id 114 (state.change.logger)
[2017-04-29 20:33:44,998] TRACE Broker 3 handling stop replica (delete=false) for partition __consumer_offsets-10 (state.change.logger)
[2017-04-29 20:33:44,999] TRACE Broker 3 finished handling stop replica (delete=false) for partition __consumer_offsets-10 (state.change.logger)
[2017-04-29 20:33:45,014] TRACE Broker 3 received LeaderAndIsr request PartitionState(controllerEpoch=3, leader=2, leaderEpoch=6, isr=[0, 2], zkVersion=8, replicas=[0, 2, 3]) correlation id 116 from controller 0 epoch 3 for partition [__consumer_offsets,40] (state.change.logger)
[2017-04-29 20:33:45,015] TRACE Broker 3 handling LeaderAndIsr request correlationId 116 from controller 0 epoch 3 starting the become-follower transition for partition __consumer_offsets-40 (state.change.logger)
[2017-04-29 20:33:45,015] TRACE Broker 3 stopped fetchers as part of become-follower request from controller 0 epoch 3 with correlation id 116 for partition __consumer_offsets-40 (state.change.logger)
[2017-04-29 20:33:45,021] TRACE Broker 3 truncated logs and checkpointed recovery boundaries for partition __consumer_offsets-40 as part of become-follower request with correlation id 116 from controller 0 epoch 3 (state.change.logger)
[2017-04-29 20:33:45,021] TRACE Broker 3 skipped the adding-fetcher step of the become-follower state change with correlation id 116 from controller 0 epoch 3 for partition __consumer_offsets-40 since it is shutting down (state.change.logger)
[2017-04-29 20:33:45,021] TRACE Broker 3 completed LeaderAndIsr request correlationId 116 from controller 0 epoch 3 for the become-follower transition for partition __consumer_offsets-40 (state.change.logger)
[2017-04-29 20:33:45,024] TRACE Broker 3 cached leader info (LeaderAndIsrInfo:(Leader:2,ISR:0,2,LeaderEpoch:6,ControllerEpoch:3),ReplicationFactor:3),AllReplicas:0,2,3) for partition __consumer_offsets-40 in response to UpdateMetadata request sent by controller 0 epoch 3 with correlation id 117 (state.change.logger)
[2017-04-29 20:33:45,025] TRACE Broker 3 handling stop replica (delete=false) for partition __consumer_offsets-34 (state.change.logger)
[2017-04-29 20:33:45,025] TRACE Broker 3 finished handling stop replica (delete=false) for partition __consumer_offsets-34 (state.change.logger)
[2017-04-29 20:33:45,040] TRACE Broker 3 cached leader info (LeaderAndIsrInfo:(Leader:1,ISR:1,2,LeaderEpoch:5,ControllerEpoch:3),ReplicationFactor:3),AllReplicas:1,2,3) for partition __consumer_offsets-34 in response to UpdateMetadata request sent by controller 0 epoch 3 with correlation id 119 (state.change.logger)
[2017-04-29 20:33:45,041] TRACE Broker 3 handling stop replica (delete=false) for partition __consumer_offsets-34 (state.change.logger)
[2017-04-29 20:33:45,041] TRACE Broker 3 finished handling stop replica (delete=false) for partition __consumer_offsets-34 (state.change.logger)
[2017-04-29 20:33:45,043] TRACE Broker 3 handling stop replica (delete=false) for partition __consumer_offsets-25 (state.change.logger)
[2017-04-29 20:33:45,043] TRACE Broker 3 finished handling stop replica (delete=false) for partition __consumer_offsets-25 (state.change.logger)
[2017-04-29 20:33:45,050] TRACE Broker 3 cached leader info (LeaderAndIsrInfo:(Leader:0,ISR:0,2,LeaderEpoch:5,ControllerEpoch:3),ReplicationFactor:3),AllReplicas:0,2,3) for partition __consumer_offsets-25 in response to UpdateMetadata request sent by controller 0 epoch 3 with correlation id 122 (state.change.logger)
[2017-04-29 20:33:45,053] TRACE Broker 3 handling stop replica (delete=false) for partition __consumer_offsets-25 (state.change.logger)
[2017-04-29 20:33:45,053] TRACE Broker 3 finished handling stop replica (delete=false) for partition __consumer_offsets-25 (state.change.logger)
[2017-04-29 20:33:45,055] TRACE Broker 3 handling stop replica (delete=false) for partition __consumer_offsets-11 (state.change.logger)
[2017-04-29 20:33:45,055] TRACE Broker 3 finished handling stop replica (delete=false) for partition __consumer_offsets-11 (state.change.logger)
[2017-04-29 20:33:45,063] TRACE Broker 3 cached leader info (LeaderAndIsrInfo:(Leader:2,ISR:0,2,LeaderEpoch:6,ControllerEpoch:3),ReplicationFactor:3),AllReplicas:0,2,3) for partition __consumer_offsets-11 in response to UpdateMetadata request sent by controller 0 epoch 3 with correlation id 125 (state.change.logger)
[2017-04-29 20:33:45,064] TRACE Broker 3 handling stop replica (delete=false) for partition __consumer_offsets-11 (state.change.logger)
[2017-04-29 20:33:45,064] TRACE Broker 3 finished handling stop replica (delete=false) for partition __consumer_offsets-11 (state.change.logger)
[2017-04-29 20:33:45,066] TRACE Broker 3 handling stop replica (delete=false) for partition __confluent.support.metrics-0 (state.change.logger)
[2017-04-29 20:33:45,066] TRACE Broker 3 finished handling stop replica (delete=false) for partition __confluent.support.metrics-0 (state.change.logger)
[2017-04-29 20:33:45,087] TRACE Broker 3 cached leader info (LeaderAndIsrInfo:(Leader:1,ISR:0,1,LeaderEpoch:6,ControllerEpoch:3),ReplicationFactor:3),AllReplicas:0,1,3) for partition __confluent.support.metrics-0 in response to UpdateMetadata request sent by controller 0 epoch 3 with correlation id 128 (state.change.logger)
[2017-04-29 20:33:45,088] TRACE Broker 3 handling stop replica (delete=false) for partition __confluent.support.metrics-0 (state.change.logger)
[2017-04-29 20:33:45,088] TRACE Broker 3 finished handling stop replica (delete=false) for partition __confluent.support.metrics-0 (state.change.logger)
[2017-04-29 20:33:45,089] TRACE Broker 3 handling stop replica (delete=false) for partition __consumer_offsets-7 (state.change.logger)
[2017-04-29 20:33:45,089] TRACE Broker 3 finished handling stop replica (delete=false) for partition __consumer_offsets-7 (state.change.logger)
[2017-04-29 20:33:45,101] TRACE Broker 3 cached leader info (LeaderAndIsrInfo:(Leader:2,ISR:1,2,LeaderEpoch:6,ControllerEpoch:3),ReplicationFactor:3),AllReplicas:1,2,3) for partition __consumer_offsets-7 in response to UpdateMetadata request sent by controller 0 epoch 3 with correlation id 131 (state.change.logger)
[2017-04-29 20:33:45,102] TRACE Broker 3 handling stop replica (delete=false) for partition __consumer_offsets-7 (state.change.logger)
[2017-04-29 20:33:45,102] TRACE Broker 3 finished handling stop replica (delete=false) for partition __consumer_offsets-7 (state.change.logger)
[2017-04-29 20:33:45,103] TRACE Broker 3 handling stop replica (delete=false) for partition __consumer_offsets-47 (state.change.logger)
[2017-04-29 20:33:45,103] TRACE Broker 3 finished handling stop replica (delete=false) for partition __consumer_offsets-47 (state.change.logger)
[2017-04-29 20:33:45,121] TRACE Broker 3 cached leader info (LeaderAndIsrInfo:(Leader:2,ISR:0,2,LeaderEpoch:6,ControllerEpoch:3),ReplicationFactor:3),AllReplicas:0,2,3) for partition __consumer_offsets-47 in response to UpdateMetadata request sent by controller 0 epoch 3 with correlation id 134 (state.change.logger)
[2017-04-29 20:33:45,122] TRACE Broker 3 handling stop replica (delete=false) for partition __consumer_offsets-47 (state.change.logger)
[2017-04-29 20:33:45,122] TRACE Broker 3 finished handling stop replica (delete=false) for partition __consumer_offsets-47 (state.change.logger)
[2017-04-29 20:33:45,123] TRACE Broker 3 handling stop replica (delete=false) for partition awesome-0 (state.change.logger)
[2017-04-29 20:33:45,123] TRACE Broker 3 finished handling stop replica (delete=false) for partition awesome-0 (state.change.logger)
[2017-04-29 20:33:45,137] TRACE Broker 3 cached leader info (LeaderAndIsrInfo:(Leader:1,ISR:1,0,2,LeaderEpoch:1,ControllerEpoch:3),ReplicationFactor:4),AllReplicas:0,1,2,3) for partition awesome-0 in response to UpdateMetadata request sent by controller 0 epoch 3 with correlation id 137 (state.change.logger)
[2017-04-29 20:33:45,139] TRACE Broker 3 handling stop replica (delete=false) for partition awesome-0 (state.change.logger)
[2017-04-29 20:33:45,139] TRACE Broker 3 finished handling stop replica (delete=false) for partition awesome-0 (state.change.logger)
[2017-04-29 20:33:45,147] TRACE Broker 3 received LeaderAndIsr request PartitionState(controllerEpoch=3, leader=2, leaderEpoch=6, isr=[0, 2], zkVersion=8, replicas=[0, 2, 3]) correlation id 139 from controller 0 epoch 3 for partition [_schemas,0] (state.change.logger)
[2017-04-29 20:33:45,147] TRACE Broker 3 handling LeaderAndIsr request correlationId 139 from controller 0 epoch 3 starting the become-follower transition for partition _schemas-0 (state.change.logger)
[2017-04-29 20:33:45,148] TRACE Broker 3 stopped fetchers as part of become-follower request from controller 0 epoch 3 with correlation id 139 for partition _schemas-0 (state.change.logger)
[2017-04-29 20:33:45,180] TRACE Broker 3 truncated logs and checkpointed recovery boundaries for partition _schemas-0 as part of become-follower request with correlation id 139 from controller 0 epoch 3 (state.change.logger)
[2017-04-29 20:33:45,180] TRACE Broker 3 skipped the adding-fetcher step of the become-follower state change with correlation id 139 from controller 0 epoch 3 for partition _schemas-0 since it is shutting down (state.change.logger)
[2017-04-29 20:33:45,180] TRACE Broker 3 completed LeaderAndIsr request correlationId 139 from controller 0 epoch 3 for the become-follower transition for partition _schemas-0 (state.change.logger)
[2017-04-29 20:33:45,181] TRACE Broker 3 cached leader info (LeaderAndIsrInfo:(Leader:2,ISR:0,2,LeaderEpoch:6,ControllerEpoch:3),ReplicationFactor:3),AllReplicas:0,2,3) for partition _schemas-0 in response to UpdateMetadata request sent by controller 0 epoch 3 with correlation id 140 (state.change.logger)
[2017-04-29 20:33:45,182] TRACE Broker 3 handling stop replica (delete=false) for partition __consumer_offsets-13 (state.change.logger)
[2017-04-29 20:33:45,182] TRACE Broker 3 finished handling stop replica (delete=false) for partition __consumer_offsets-13 (state.change.logger)
[2017-04-29 20:33:45,185] TRACE Broker 3 cached leader info (LeaderAndIsrInfo:(Leader:0,ISR:0,2,LeaderEpoch:5,ControllerEpoch:3),ReplicationFactor:3),AllReplicas:0,2,3) for partition __consumer_offsets-13 in response to UpdateMetadata request sent by controller 0 epoch 3 with correlation id 142 (state.change.logger)
[2017-04-29 20:33:45,187] TRACE Broker 3 handling stop replica (delete=false) for partition __consumer_offsets-13 (state.change.logger)
[2017-04-29 20:33:45,187] TRACE Broker 3 finished handling stop replica (delete=false) for partition __consumer_offsets-13 (state.change.logger)
[2017-04-29 20:33:45,188] TRACE Broker 3 handling stop replica (delete=false) for partition __consumer_offsets-29 (state.change.logger)
[2017-04-29 20:33:45,188] TRACE Broker 3 finished handling stop replica (delete=false) for partition __consumer_offsets-29 (state.change.logger)
[2017-04-29 20:33:45,195] TRACE Broker 3 cached leader info (LeaderAndIsrInfo:(Leader:0,ISR:0,1,LeaderEpoch:5,ControllerEpoch:3),ReplicationFactor:3),AllReplicas:0,1,3) for partition __consumer_offsets-29 in response to UpdateMetadata request sent by controller 0 epoch 3 with correlation id 145 (state.change.logger)
[2017-04-29 20:33:45,197] TRACE Broker 3 handling stop replica (delete=false) for partition __consumer_offsets-29 (state.change.logger)
[2017-04-29 20:33:45,197] TRACE Broker 3 finished handling stop replica (delete=false) for partition __consumer_offsets-29 (state.change.logger)
[2017-04-29 20:33:45,202] TRACE Broker 3 received LeaderAndIsr request PartitionState(controllerEpoch=3, leader=0, leaderEpoch=6, isr=[0, 1], zkVersion=8, replicas=[0, 1, 3]) correlation id 147 from controller 0 epoch 3 for partition [__consumer_offsets,8] (state.change.logger)
[2017-04-29 20:33:45,203] TRACE Broker 3 handling LeaderAndIsr request correlationId 147 from controller 0 epoch 3 starting the become-follower transition for partition __consumer_offsets-8 (state.change.logger)
[2017-04-29 20:33:45,203] TRACE Broker 3 stopped fetchers as part of become-follower request from controller 0 epoch 3 with correlation id 147 for partition __consumer_offsets-8 (state.change.logger)
[2017-04-29 20:33:45,205] TRACE Broker 3 truncated logs and checkpointed recovery boundaries for partition __consumer_offsets-8 as part of become-follower request with correlation id 147 from controller 0 epoch 3 (state.change.logger)
[2017-04-29 20:33:45,205] TRACE Broker 3 skipped the adding-fetcher step of the become-follower state change with correlation id 147 from controller 0 epoch 3 for partition __consumer_offsets-8 since it is shutting down (state.change.logger)
[2017-04-29 20:33:45,205] TRACE Broker 3 completed LeaderAndIsr request correlationId 147 from controller 0 epoch 3 for the become-follower transition for partition __consumer_offsets-8 (state.change.logger)
[2017-04-29 20:33:45,207] TRACE Broker 3 cached leader info (LeaderAndIsrInfo:(Leader:0,ISR:0,1,LeaderEpoch:6,ControllerEpoch:3),ReplicationFactor:3),AllReplicas:0,1,3) for partition __consumer_offsets-8 in response to UpdateMetadata request sent by controller 0 epoch 3 with correlation id 148 (state.change.logger)
[2017-04-29 20:33:45,208] TRACE Broker 3 handling stop replica (delete=false) for partition __consumer_offsets-22 (state.change.logger)
[2017-04-29 20:33:45,208] TRACE Broker 3 finished handling stop replica (delete=false) for partition __consumer_offsets-22 (state.change.logger)
[2017-04-29 20:33:45,220] TRACE Broker 3 cached leader info (LeaderAndIsrInfo:(Leader:1,ISR:1,2,LeaderEpoch:5,ControllerEpoch:3),ReplicationFactor:3),AllReplicas:1,2,3) for partition __consumer_offsets-22 in response to UpdateMetadata request sent by controller 0 epoch 3 with correlation id 150 (state.change.logger)
[2017-04-29 20:33:45,221] TRACE Broker 3 handling stop replica (delete=false) for partition __consumer_offsets-22 (state.change.logger)
[2017-04-29 20:33:45,221] TRACE Broker 3 finished handling stop replica (delete=false) for partition __consumer_offsets-22 (state.change.logger)
[2017-04-29 20:33:45,222] TRACE Broker 3 handling stop replica (delete=false) for partition __consumer_offsets-31 (state.change.logger)
[2017-04-29 20:33:45,222] TRACE Broker 3 finished handling stop replica (delete=false) for partition __consumer_offsets-31 (state.change.logger)
[2017-04-29 20:33:45,227] TRACE Broker 3 cached leader info (LeaderAndIsrInfo:(Leader:2,ISR:1,2,LeaderEpoch:6,ControllerEpoch:3),ReplicationFactor:3),AllReplicas:1,2,3) for partition __consumer_offsets-31 in response to UpdateMetadata request sent by controller 0 epoch 3 with correlation id 153 (state.change.logger)
[2017-04-29 20:33:45,229] TRACE Broker 3 handling stop replica (delete=false) for partition __consumer_offsets-31 (state.change.logger)
[2017-04-29 20:33:45,229] TRACE Broker 3 finished handling stop replica (delete=false) for partition __consumer_offsets-31 (state.change.logger)
[2017-04-29 20:33:45,230] TRACE Broker 3 handling stop replica (delete=false) for partition awesome-1 (state.change.logger)
[2017-04-29 20:33:45,231] TRACE Broker 3 finished handling stop replica (delete=false) for partition awesome-1 (state.change.logger)
[2017-04-29 20:33:45,239] TRACE Broker 3 cached leader info (LeaderAndIsrInfo:(Leader:2,ISR:2,1,0,LeaderEpoch:1,ControllerEpoch:3),ReplicationFactor:4),AllReplicas:0,1,2,3) for partition awesome-1 in response to UpdateMetadata request sent by controller 0 epoch 3 with correlation id 156 (state.change.logger)
[2017-04-29 20:33:45,242] TRACE Broker 3 handling stop replica (delete=false) for partition awesome-1 (state.change.logger)
[2017-04-29 20:33:45,242] TRACE Broker 3 finished handling stop replica (delete=false) for partition awesome-1 (state.change.logger)
[2017-04-29 20:33:45,249] TRACE Broker 3 received LeaderAndIsr request PartitionState(controllerEpoch=3, leader=0, leaderEpoch=7, isr=[0, 1, 2], zkVersion=10, replicas=[0, 1, 2, 3]) correlation id 158 from controller 0 epoch 3 for partition [test,2] (state.change.logger)
[2017-04-29 20:33:45,249] TRACE Broker 3 handling LeaderAndIsr request correlationId 158 from controller 0 epoch 3 starting the become-follower transition for partition test-2 (state.change.logger)
[2017-04-29 20:33:45,249] TRACE Broker 3 stopped fetchers as part of become-follower request from controller 0 epoch 3 with correlation id 158 for partition test-2 (state.change.logger)
[2017-04-29 20:33:45,276] TRACE Broker 3 truncated logs and checkpointed recovery boundaries for partition test-2 as part of become-follower request with correlation id 158 from controller 0 epoch 3 (state.change.logger)
[2017-04-29 20:33:45,276] TRACE Broker 3 skipped the adding-fetcher step of the become-follower state change with correlation id 158 from controller 0 epoch 3 for partition test-2 since it is shutting down (state.change.logger)
[2017-04-29 20:33:45,276] TRACE Broker 3 completed LeaderAndIsr request correlationId 158 from controller 0 epoch 3 for the become-follower transition for partition test-2 (state.change.logger)
[2017-04-29 20:33:45,279] TRACE Broker 3 cached leader info (LeaderAndIsrInfo:(Leader:0,ISR:0,1,2,LeaderEpoch:7,ControllerEpoch:3),ReplicationFactor:4),AllReplicas:0,1,2,3) for partition test-2 in response to UpdateMetadata request sent by controller 0 epoch 3 with correlation id 159 (state.change.logger)
[2017-04-29 20:33:45,282] TRACE Broker 3 received LeaderAndIsr request PartitionState(controllerEpoch=3, leader=0, leaderEpoch=6, isr=[0, 1], zkVersion=8, replicas=[0, 1, 3]) correlation id 160 from controller 0 epoch 3 for partition [__consumer_offsets,20] (state.change.logger)
[2017-04-29 20:33:45,282] TRACE Broker 3 handling LeaderAndIsr request correlationId 160 from controller 0 epoch 3 starting the become-follower transition for partition __consumer_offsets-20 (state.change.logger)
[2017-04-29 20:33:45,283] TRACE Broker 3 stopped fetchers as part of become-follower request from controller 0 epoch 3 with correlation id 160 for partition __consumer_offsets-20 (state.change.logger)
[2017-04-29 20:33:45,285] TRACE Broker 3 truncated logs and checkpointed recovery boundaries for partition __consumer_offsets-20 as part of become-follower request with correlation id 160 from controller 0 epoch 3 (state.change.logger)
[2017-04-29 20:33:45,285] TRACE Broker 3 skipped the adding-fetcher step of the become-follower state change with correlation id 160 from controller 0 epoch 3 for partition __consumer_offsets-20 since it is shutting down (state.change.logger)
[2017-04-29 20:33:45,285] TRACE Broker 3 completed LeaderAndIsr request correlationId 160 from controller 0 epoch 3 for the become-follower transition for partition __consumer_offsets-20 (state.change.logger)
[2017-04-29 20:33:45,290] TRACE Broker 3 cached leader info (LeaderAndIsrInfo:(Leader:0,ISR:0,1,LeaderEpoch:6,ControllerEpoch:3),ReplicationFactor:3),AllReplicas:0,1,3) for partition __consumer_offsets-20 in response to UpdateMetadata request sent by controller 0 epoch 3 with correlation id 161 (state.change.logger)
[2017-04-29 20:33:45,292] TRACE Broker 3 handling stop replica (delete=false) for partition __consumer_offsets-37 (state.change.logger)
[2017-04-29 20:33:45,292] TRACE Broker 3 finished handling stop replica (delete=false) for partition __consumer_offsets-37 (state.change.logger)
[2017-04-29 20:33:45,303] TRACE Broker 3 cached leader info (LeaderAndIsrInfo:(Leader:0,ISR:0,2,LeaderEpoch:5,ControllerEpoch:3),ReplicationFactor:3),AllReplicas:0,2,3) for partition __consumer_offsets-37 in response to UpdateMetadata request sent by controller 0 epoch 3 with correlation id 163 (state.change.logger)
[2017-04-29 20:33:45,304] TRACE Broker 3 handling stop replica (delete=false) for partition __consumer_offsets-37 (state.change.logger)
[2017-04-29 20:33:45,304] TRACE Broker 3 finished handling stop replica (delete=false) for partition __consumer_offsets-37 (state.change.logger)
[2017-04-29 20:33:45,305] TRACE Broker 3 handling stop replica (delete=false) for partition __consumer_offsets-49 (state.change.logger)
[2017-04-29 20:33:45,305] TRACE Broker 3 finished handling stop replica (delete=false) for partition __consumer_offsets-49 (state.change.logger)
[2017-04-29 20:33:45,315] TRACE Broker 3 cached leader info (LeaderAndIsrInfo:(Leader:0,ISR:0,2,LeaderEpoch:5,ControllerEpoch:3),ReplicationFactor:3),AllReplicas:0,2,3) for partition __consumer_offsets-49 in response to UpdateMetadata request sent by controller 0 epoch 3 with correlation id 166 (state.change.logger)
[2017-04-29 20:33:45,316] TRACE Broker 3 handling stop replica (delete=false) for partition __consumer_offsets-49 (state.change.logger)
[2017-04-29 20:33:45,316] TRACE Broker 3 finished handling stop replica (delete=false) for partition __consumer_offsets-49 (state.change.logger)
[2017-04-29 20:33:45,317] TRACE Broker 3 handling stop replica (delete=false) for partition awesome-3 (state.change.logger)
[2017-04-29 20:33:45,317] TRACE Broker 3 finished handling stop replica (delete=false) for partition awesome-3 (state.change.logger)
[2017-04-29 20:33:45,323] TRACE Broker 3 cached leader info (LeaderAndIsrInfo:(Leader:0,ISR:0,1,2,LeaderEpoch:1,ControllerEpoch:3),ReplicationFactor:4),AllReplicas:0,1,2,3) for partition awesome-3 in response to UpdateMetadata request sent by controller 0 epoch 3 with correlation id 169 (state.change.logger)
[2017-04-29 20:33:45,326] TRACE Broker 3 handling stop replica (delete=false) for partition awesome-3 (state.change.logger)
[2017-04-29 20:33:45,326] TRACE Broker 3 finished handling stop replica (delete=false) for partition awesome-3 (state.change.logger)
[2017-04-29 20:33:45,335] TRACE Broker 3 received LeaderAndIsr request PartitionState(controllerEpoch=3, leader=1, leaderEpoch=6, isr=[1, 2], zkVersion=8, replicas=[1, 2, 3]) correlation id 171 from controller 0 epoch 3 for partition [__consumer_offsets,12] (state.change.logger)
[2017-04-29 20:33:45,335] TRACE Broker 3 handling LeaderAndIsr request correlationId 171 from controller 0 epoch 3 starting the become-follower transition for partition __consumer_offsets-12 (state.change.logger)
[2017-04-29 20:33:45,336] TRACE Broker 3 stopped fetchers as part of become-follower request from controller 0 epoch 3 with correlation id 171 for partition __consumer_offsets-12 (state.change.logger)
[2017-04-29 20:33:45,338] TRACE Broker 3 truncated logs and checkpointed recovery boundaries for partition __consumer_offsets-12 as part of become-follower request with correlation id 171 from controller 0 epoch 3 (state.change.logger)
[2017-04-29 20:33:45,338] TRACE Broker 3 skipped the adding-fetcher step of the become-follower state change with correlation id 171 from controller 0 epoch 3 for partition __consumer_offsets-12 since it is shutting down (state.change.logger)
[2017-04-29 20:33:45,338] TRACE Broker 3 completed LeaderAndIsr request correlationId 171 from controller 0 epoch 3 for the become-follower transition for partition __consumer_offsets-12 (state.change.logger)
[2017-04-29 20:33:45,339] TRACE Broker 3 cached leader info (LeaderAndIsrInfo:(Leader:1,ISR:1,2,LeaderEpoch:6,ControllerEpoch:3),ReplicationFactor:3),AllReplicas:1,2,3) for partition __consumer_offsets-12 in response to UpdateMetadata request sent by controller 0 epoch 3 with correlation id 172 (state.change.logger)
[2017-04-29 20:33:45,341] TRACE Broker 3 handling stop replica (delete=false) for partition __consumer_offsets-5 (state.change.logger)
[2017-04-29 20:33:45,341] TRACE Broker 3 finished handling stop replica (delete=false) for partition __consumer_offsets-5 (state.change.logger)
[2017-04-29 20:33:45,345] TRACE Broker 3 cached leader info (LeaderAndIsrInfo:(Leader:0,ISR:0,1,LeaderEpoch:5,ControllerEpoch:3),ReplicationFactor:3),AllReplicas:0,1,3) for partition __consumer_offsets-5 in response to UpdateMetadata request sent by controller 0 epoch 3 with correlation id 174 (state.change.logger)
[2017-04-29 20:33:45,347] TRACE Broker 3 handling stop replica (delete=false) for partition __consumer_offsets-5 (state.change.logger)
[2017-04-29 20:33:45,347] TRACE Broker 3 finished handling stop replica (delete=false) for partition __consumer_offsets-5 (state.change.logger)
[2017-04-29 20:33:45,358] TRACE Broker 3 received LeaderAndIsr request PartitionState(controllerEpoch=3, leader=0, leaderEpoch=6, isr=[0, 1], zkVersion=8, replicas=[0, 1, 3]) correlation id 176 from controller 0 epoch 3 for partition [__consumer_offsets,32] (state.change.logger)
[2017-04-29 20:33:45,358] TRACE Broker 3 handling LeaderAndIsr request correlationId 176 from controller 0 epoch 3 starting the become-follower transition for partition __consumer_offsets-32 (state.change.logger)
[2017-04-29 20:33:45,359] TRACE Broker 3 stopped fetchers as part of become-follower request from controller 0 epoch 3 with correlation id 176 for partition __consumer_offsets-32 (state.change.logger)
[2017-04-29 20:33:45,361] TRACE Broker 3 truncated logs and checkpointed recovery boundaries for partition __consumer_offsets-32 as part of become-follower request with correlation id 176 from controller 0 epoch 3 (state.change.logger)
[2017-04-29 20:33:45,361] TRACE Broker 3 skipped the adding-fetcher step of the become-follower state change with correlation id 176 from controller 0 epoch 3 for partition __consumer_offsets-32 since it is shutting down (state.change.logger)
[2017-04-29 20:33:45,361] TRACE Broker 3 completed LeaderAndIsr request correlationId 176 from controller 0 epoch 3 for the become-follower transition for partition __consumer_offsets-32 (state.change.logger)
[2017-04-29 20:33:45,368] TRACE Broker 3 cached leader info (LeaderAndIsrInfo:(Leader:0,ISR:0,1,LeaderEpoch:6,ControllerEpoch:3),ReplicationFactor:3),AllReplicas:0,1,3) for partition __consumer_offsets-32 in response to UpdateMetadata request sent by controller 0 epoch 3 with correlation id 177 (state.change.logger)
[2017-04-29 20:33:45,369] TRACE Broker 3 handling stop replica (delete=false) for partition __consumer_offsets-2 (state.change.logger)
[2017-04-29 20:33:45,369] TRACE Broker 3 finished handling stop replica (delete=false) for partition __consumer_offsets-2 (state.change.logger)
[2017-04-29 20:33:45,375] TRACE Broker 3 cached leader info (LeaderAndIsrInfo:(Leader:1,ISR:0,1,LeaderEpoch:6,ControllerEpoch:3),ReplicationFactor:3),AllReplicas:0,1,3) for partition __consumer_offsets-2 in response to UpdateMetadata request sent by controller 0 epoch 3 with correlation id 179 (state.change.logger)
[2017-04-29 20:33:45,376] TRACE Broker 3 handling stop replica (delete=false) for partition __consumer_offsets-2 (state.change.logger)
[2017-04-29 20:33:45,376] TRACE Broker 3 finished handling stop replica (delete=false) for partition __consumer_offsets-2 (state.change.logger)
[2017-04-29 20:33:45,378] TRACE Broker 3 handling stop replica (delete=false) for partition __consumer_offsets-1 (state.change.logger)
[2017-04-29 20:33:45,378] TRACE Broker 3 finished handling stop replica (delete=false) for partition __consumer_offsets-1 (state.change.logger)
[2017-04-29 20:33:45,382] TRACE Broker 3 cached leader info (LeaderAndIsrInfo:(Leader:0,ISR:0,2,LeaderEpoch:5,ControllerEpoch:3),ReplicationFactor:3),AllReplicas:0,2,3) for partition __consumer_offsets-1 in response to UpdateMetadata request sent by controller 0 epoch 3 with correlation id 182 (state.change.logger)
[2017-04-29 20:33:45,383] TRACE Broker 3 handling stop replica (delete=false) for partition __consumer_offsets-1 (state.change.logger)
[2017-04-29 20:33:45,383] TRACE Broker 3 finished handling stop replica (delete=false) for partition __consumer_offsets-1 (state.change.logger)
[2017-04-29 20:33:45,385] TRACE Broker 3 handling stop replica (delete=false) for partition __consumer_offsets-0 (state.change.logger)
[2017-04-29 20:33:45,385] TRACE Broker 3 finished handling stop replica (delete=false) for partition __consumer_offsets-0 (state.change.logger)
[2017-04-29 20:33:45,394] TRACE Broker 3 cached leader info (LeaderAndIsrInfo:(Leader:1,ISR:1,2,LeaderEpoch:6,ControllerEpoch:3),ReplicationFactor:3),AllReplicas:1,2,3) for partition __consumer_offsets-0 in response to UpdateMetadata request sent by controller 0 epoch 3 with correlation id 185 (state.change.logger)
[2017-04-29 20:33:45,395] TRACE Broker 3 handling stop replica (delete=false) for partition __consumer_offsets-0 (state.change.logger)
[2017-04-29 20:33:45,395] TRACE Broker 3 finished handling stop replica (delete=false) for partition __consumer_offsets-0 (state.change.logger)
[2017-04-29 20:33:45,408] TRACE Broker 3 received LeaderAndIsr request PartitionState(controllerEpoch=3, leader=0, leaderEpoch=6, isr=[0, 1], zkVersion=8, replicas=[0, 1, 3]) correlation id 187 from controller 0 epoch 3 for partition [__consumer_offsets,44] (state.change.logger)
[2017-04-29 20:33:45,408] TRACE Broker 3 handling LeaderAndIsr request correlationId 187 from controller 0 epoch 3 starting the become-follower transition for partition __consumer_offsets-44 (state.change.logger)
[2017-04-29 20:33:45,409] TRACE Broker 3 stopped fetchers as part of become-follower request from controller 0 epoch 3 with correlation id 187 for partition __consumer_offsets-44 (state.change.logger)
[2017-04-29 20:33:45,411] TRACE Broker 3 truncated logs and checkpointed recovery boundaries for partition __consumer_offsets-44 as part of become-follower request with correlation id 187 from controller 0 epoch 3 (state.change.logger)
[2017-04-29 20:33:45,411] TRACE Broker 3 skipped the adding-fetcher step of the become-follower state change with correlation id 187 from controller 0 epoch 3 for partition __consumer_offsets-44 since it is shutting down (state.change.logger)
[2017-04-29 20:33:45,411] TRACE Broker 3 completed LeaderAndIsr request correlationId 187 from controller 0 epoch 3 for the become-follower transition for partition __consumer_offsets-44 (state.change.logger)
[2017-04-29 20:33:45,413] TRACE Broker 3 cached leader info (LeaderAndIsrInfo:(Leader:0,ISR:0,1,LeaderEpoch:6,ControllerEpoch:3),ReplicationFactor:3),AllReplicas:0,1,3) for partition __consumer_offsets-44 in response to UpdateMetadata request sent by controller 0 epoch 3 with correlation id 188 (state.change.logger)
[2017-04-29 20:33:45,414] TRACE Broker 3 handling stop replica (delete=false) for partition __consumer_offsets-17 (state.change.logger)
[2017-04-29 20:33:45,414] TRACE Broker 3 finished handling stop replica (delete=false) for partition __consumer_offsets-17 (state.change.logger)
[2017-04-29 20:33:45,419] TRACE Broker 3 cached leader info (LeaderAndIsrInfo:(Leader:0,ISR:0,1,LeaderEpoch:5,ControllerEpoch:3),ReplicationFactor:3),AllReplicas:0,1,3) for partition __consumer_offsets-17 in response to UpdateMetadata request sent by controller 0 epoch 3 with correlation id 190 (state.change.logger)
[2017-04-29 20:33:45,420] TRACE Broker 3 handling stop replica (delete=false) for partition __consumer_offsets-17 (state.change.logger)
[2017-04-29 20:33:45,420] TRACE Broker 3 finished handling stop replica (delete=false) for partition __consumer_offsets-17 (state.change.logger)
[2017-04-29 20:33:45,431] TRACE Broker 3 received LeaderAndIsr request PartitionState(controllerEpoch=3, leader=1, leaderEpoch=6, isr=[1, 2], zkVersion=8, replicas=[1, 2, 3]) correlation id 192 from controller 0 epoch 3 for partition [__consumer_offsets,48] (state.change.logger)
[2017-04-29 20:33:45,431] TRACE Broker 3 handling LeaderAndIsr request correlationId 192 from controller 0 epoch 3 starting the become-follower transition for partition __consumer_offsets-48 (state.change.logger)
[2017-04-29 20:33:45,431] TRACE Broker 3 stopped fetchers as part of become-follower request from controller 0 epoch 3 with correlation id 192 for partition __consumer_offsets-48 (state.change.logger)
[2017-04-29 20:33:45,433] TRACE Broker 3 truncated logs and checkpointed recovery boundaries for partition __consumer_offsets-48 as part of become-follower request with correlation id 192 from controller 0 epoch 3 (state.change.logger)
[2017-04-29 20:33:45,433] TRACE Broker 3 skipped the adding-fetcher step of the become-follower state change with correlation id 192 from controller 0 epoch 3 for partition __consumer_offsets-48 since it is shutting down (state.change.logger)
[2017-04-29 20:33:45,433] TRACE Broker 3 completed LeaderAndIsr request correlationId 192 from controller 0 epoch 3 for the become-follower transition for partition __consumer_offsets-48 (state.change.logger)
[2017-04-29 20:33:45,435] TRACE Broker 3 cached leader info (LeaderAndIsrInfo:(Leader:1,ISR:1,2,LeaderEpoch:6,ControllerEpoch:3),ReplicationFactor:3),AllReplicas:1,2,3) for partition __consumer_offsets-48 in response to UpdateMetadata request sent by controller 0 epoch 3 with correlation id 193 (state.change.logger)
[2017-04-29 20:33:45,436] TRACE Broker 3 handling stop replica (delete=false) for partition __consumer_offsets-26 (state.change.logger)
[2017-04-29 20:33:45,436] TRACE Broker 3 finished handling stop replica (delete=false) for partition __consumer_offsets-26 (state.change.logger)
[2017-04-29 20:33:45,445] TRACE Broker 3 cached leader info (LeaderAndIsrInfo:(Leader:1,ISR:0,1,LeaderEpoch:6,ControllerEpoch:3),ReplicationFactor:3),AllReplicas:0,1,3) for partition __consumer_offsets-26 in response to UpdateMetadata request sent by controller 0 epoch 3 with correlation id 195 (state.change.logger)
[2017-04-29 20:33:45,446] TRACE Broker 3 handling stop replica (delete=false) for partition __consumer_offsets-26 (state.change.logger)
[2017-04-29 20:33:45,446] TRACE Broker 3 finished handling stop replica (delete=false) for partition __consumer_offsets-26 (state.change.logger)
[2017-04-29 20:33:45,460] TRACE Broker 3 received LeaderAndIsr request PartitionState(controllerEpoch=3, leader=2, leaderEpoch=1, isr=[2, 0, 1], zkVersion=1, replicas=[0, 1, 2, 3]) correlation id 197 from controller 0 epoch 3 for partition [awesome,2] (state.change.logger)
[2017-04-29 20:33:45,460] TRACE Broker 3 handling LeaderAndIsr request correlationId 197 from controller 0 epoch 3 starting the become-follower transition for partition awesome-2 (state.change.logger)
[2017-04-29 20:33:45,460] TRACE Broker 3 stopped fetchers as part of become-follower request from controller 0 epoch 3 with correlation id 197 for partition awesome-2 (state.change.logger)
[2017-04-29 20:33:45,462] TRACE Broker 3 truncated logs and checkpointed recovery boundaries for partition awesome-2 as part of become-follower request with correlation id 197 from controller 0 epoch 3 (state.change.logger)
[2017-04-29 20:33:45,462] TRACE Broker 3 skipped the adding-fetcher step of the become-follower state change with correlation id 197 from controller 0 epoch 3 for partition awesome-2 since it is shutting down (state.change.logger)
[2017-04-29 20:33:45,462] TRACE Broker 3 completed LeaderAndIsr request correlationId 197 from controller 0 epoch 3 for the become-follower transition for partition awesome-2 (state.change.logger)
[2017-04-29 20:33:45,474] TRACE Broker 3 cached leader info (LeaderAndIsrInfo:(Leader:2,ISR:2,0,1,LeaderEpoch:1,ControllerEpoch:3),ReplicationFactor:4),AllReplicas:0,1,2,3) for partition awesome-2 in response to UpdateMetadata request sent by controller 0 epoch 3 with correlation id 198 (state.change.logger)
[2017-04-29 20:33:45,475] TRACE Broker 3 handling stop replica (delete=false) for partition __consumer_offsets-41 (state.change.logger)
[2017-04-29 20:33:45,475] TRACE Broker 3 finished handling stop replica (delete=false) for partition __consumer_offsets-41 (state.change.logger)
[2017-04-29 20:33:45,494] TRACE Broker 3 cached leader info (LeaderAndIsrInfo:(Leader:0,ISR:0,1,LeaderEpoch:5,ControllerEpoch:3),ReplicationFactor:3),AllReplicas:0,1,3) for partition __consumer_offsets-41 in response to UpdateMetadata request sent by controller 0 epoch 3 with correlation id 200 (state.change.logger)
[2017-04-29 20:33:45,669] TRACE Broker 3 handling stop replica (delete=false) for partition __consumer_offsets-41 (state.change.logger)
[2017-04-29 20:33:45,669] TRACE Broker 3 finished handling stop replica (delete=false) for partition __consumer_offsets-41 (state.change.logger)
